0 200 350 8 yellow
0 -150 200 4 green
0 300 450 8 yellow
0 -500 -350 2 blue
0 -50 450 4 green
0 -400 50 1 cyan
0 -200 350 4 green
0 100 -150 3 purple
0 150 150 9 orange
0 350 200 9 orange
0 400 -150 3 purple
0 -500 -500 2 blue
0 350 -200 3 purple
0 100 300 8 yellow
0 300 100 6 red
0 -200 -500 2 blue
0 -200 200 4 green
0 -150 300 4 green
0 0 -200 3 purple
0 -100 500 4 green
0 250 -250 3 purple
0 -350 -450 2 blue
0 -250 250 4 green
0 350 500 9 orange
0 -150 250 4 green
0 -100 200 4 green
0 450 500 9 orange
0 -100 250 4 green
0 -200 -50 1 cyan
0 500 50 6 red
0 -250 -50 1 cyan
0 -500 -200 1 cyan
0 400 100 6 red
0 -50 -200 3 purple
0 -250 0 1 cyan
0 300 -350 3 purple
0 -400 200 4 green
0 -500 -50 1 cyan
0 500 200 9 orange
0 -200 -450 3 purple
0 0 -450 3 purple
0 -500 50 1 cyan
0 -100 0 1 cyan
0 250 100 9 orange
0 300 200 9 orange
0 100 -250 3 purple
0 -250 -100 1 cyan
0 -450 -500 2 blue
0 -350 -250 2 blue
0 -300 -500 2 blue
0 350 350 9 orange
0 -250 300 4 green
0 150 50 9 orange
0 -400 -100 1 cyan
0 500 500 9 orange
0 250 -450 3 purple
0 300 -500 3 purple
0 -350 0 1 cyan
0 200 -150 3 purple
0 500 -50 3 purple
0 500 100 3 purple
0 250 -150 3 purple
0 100 350 8 yellow
0 450 250 9 orange
0 500 250 9 orange
0 200 150 9 orange
0 150 250 8 yellow
0 450 -200 3 purple
0 -150 -250 2 blue
0 150 300 8 yellow
0 -400 100 4 green
0 -50 -300 3 purple
0 450 150 9 orange
0 0 50 8 yellow
0 300 -100 3 purple
0 -50 100 4 green
0 500 400 9 orange
0 -400 300 4 green
0 50 -350 3 purple
0 -250 200 4 green
0 450 400 9 orange
0 -350 400 4 green
0 -50 250 4 green
0 -250 -400 2 blue
0 300 -150 3 purple
0 100 100 8 yellow
0 -450 -200 1 cyan
0 -250 450 4 green
0 -150 50 4 green
0 -200 100 4 green
0 -300 0 1 cyan
0 -300 200 4 green
0 50 -150 3 purple
0 150 450 8 yellow
0 450 0 3 purple
0 100 250 8 yellow
0 -500 0 1 cyan
0 200 500 8 yellow
0 -300 450 4 green
0 -250 400 4 green
0 0 500 8 yellow
0 -100 -350 3 purple
0 -300 -450 2 blue
0 -200 -100 1 cyan
0 250 250 9 orange
0 0 250 8 yellow
0 350 250 9 orange
0 150 -250 3 purple
0 300 250 9 orange
0 -300 50 4 green
0 50 400 8 yellow
0 -100 300 4 green
0 50 150 8 yellow
0 -50 50 4 green
0 -400 -400 2 blue
0 -350 50 1 cyan
0 -400 400 1 cyan
0 50 300 8 yellow
0 300 -300 3 purple
0 100 -100 3 purple
0 150 0 6 red
0 -350 350 4 green
0 -150 400 4 green
0 -100 50 4 green
0 350 0 6 red
0 0 -300 3 purple
0 300 400 9 orange
0 -300 -400 2 blue
0 -150 350 4 green
0 0 150 8 yellow
0 -300 300 4 green
0 400 -500 3 purple
0 400 250 9 orange
0 150 500 8 yellow
0 50 100 8 yellow
0 400 500 9 orange
0 -250 -350 2 blue
0 400 -300 3 purple
0 -50 -350 3 purple
0 -100 -200 3 purple
0 -400 500 4 green
0 -150 -150 2 blue
0 50 450 8 yellow
0 -350 100 1 cyan
0 -450 250 4 green
0 450 450 9 orange
0 -100 150 4 green
0 -100 450 4 green
0 -350 450 4 green
0 250 450 8 yellow
0 -400 -250 1 cyan
0 50 -200 3 purple
0 -400 -500 2 blue
0 -400 -350 2 blue
0 -50 -50 2 blue
0 -50 300 4 green
0 -250 100 4 green
0 400 300 9 orange
0 -150 -400 3 purple
0 -100 -300 3 purple
0 -450 -400 2 blue
0 -350 200 4 green
0 -50 200 4 green
0 -250 -300 2 blue
0 -350 -500 2 blue
0 -150 -450 3 purple
0 50 250 8 yellow
0 -100 350 4 green
0 -100 -400 3 purple
0 300 -400 3 purple
0 -400 450 4 green
0 -500 -400 2 blue
0 100 -50 6 red
0 -450 -50 1 cyan
0 250 -100 6 red
0 -100 -50 2 blue
0 -300 500 4 green
0 -350 -350 2 blue
0 100 -200 3 purple
0 300 -200 3 purple
0 250 200 9 orange
0 -450 50 1 cyan
0 400 -250 3 purple
0 450 -100 3 purple
0 -50 150 4 green
0 -250 -250 2 blue
0 50 500 8 yellow
0 450 -300 3 purple
0 100 150 8 yellow
0 250 150 9 orange
0 400 -200 3 purple
0 0 -500 3 purple
0 300 50 6 red
0 -450 0 1 cyan
0 50 -50 3 purple
0 -450 -150 4 green
0 400 -400 3 purple
0 300 -450 3 purple
0 -150 500 4 green
0 -200 450 4 green
0 -350 -150 1 cyan
0 200 -50 6 red
0 350 -300 3 purple
0 -350 -200 1 cyan
0 350 -50 6 red
0 400 150 9 orange
0 -50 -100 2 blue
0 -500 -150 1 cyan
0 300 500 8 yellow
0 50 350 4 green
0 -50 400 4 green
0 -450 100 1 cyan
0 400 450 9 orange
0 -350 -400 2 blue
0 0 400 4 green
0 100 -400 3 purple
0 400 -350 3 purple
0 -100 -150 2 blue
0 -200 300 4 green
0 350 50 6 red
0 350 300 9 orange
0 -100 400 4 green
0 350 -500 3 purple
0 -450 300 4 green
0 200 100 9 orange
0 -100 100 4 green
0 350 450 9 orange
0 -250 500 4 green
0 200 -300 3 purple
0 -200 -200 2 blue
0 450 350 9 orange
0 350 -150 6 red
0 300 350 9 orange
0 300 0 6 red
0 -500 -450 2 blue
0 -450 200 4 green
0 -200 500 4 green
0 250 -400 3 purple
0 0 350 4 green
0 200 -500 3 purple
0 0 -150 3 purple
0 -400 -300 2 blue
0 250 -50 6 red
0 450 -150 3 purple
0 -350 250 4 green
0 -50 -250 3 purple
0 -500 -250 1 cyan
0 -150 -200 2 blue
0 -400 150 4 green
0 0 200 4 green
0 450 -350 3 purple
0 50 -100 3 purple
0 -400 -200 1 cyan
0 -50 -450 3 purple
0 450 200 9 orange
0 -200 -300 2 blue
0 -250 -450 2 blue
0 300 -50 6 red
0 150 -350 3 purple
0 250 -350 3 purple
0 500 450 9 orange
0 -250 50 4 green
0 250 -500 3 purple
0 150 -400 3 purple
0 250 50 9 orange
0 100 -300 3 purple
0 -250 150 4 green
0 -300 -300 2 blue
0 -400 -50 1 cyan
0 -50 0 1 cyan
0 -50 -150 3 purple
0 -500 -300 1 cyan
0 0 -350 3 purple
0 500 0 6 red
0 150 -50 6 red
0 400 -100 6 red
0 -300 150 4 green
0 350 100 9 orange
0 200 -400 3 purple
0 200 450 8 yellow
0 400 0 6 red
0 400 400 9 orange
0 350 -350 3 purple
0 -250 -200 2 blue
0 100 450 8 yellow
0 -50 350 4 green
0 0 300 4 green
0 300 -250 3 purple
0 350 -250 3 purple
0 -300 350 4 green
0 300 150 9 orange
0 250 -200 3 purple
0 100 -500 3 purple
0 0 -400 3 purple
0 -150 -50 2 blue
0 -300 100 4 green
0 -200 -150 2 blue
0 200 400 8 yellow
0 -400 250 4 green
0 400 -450 3 purple
0 -300 250 4 green
0 -500 -100 1 cyan
0 -350 -100 1 cyan
0 0 0 5 gray
0 -100 -450 3 purple
0 -100 -500 3 purple
0 0 -250 3 purple
0 50 50 8 yellow
0 -150 150 4 green
0 -400 350 4 green
0 250 400 8 yellow
0 -450 -350 1 cyan
0 150 200 8 yellow
0 150 -500 3 purple
0 250 500 8 yellow
0 -300 -100 1 cyan
0 150 -200 3 purple
0 0 -50 2 blue
0 -450 -450 2 blue
0 400 -50 6 red
0 300 300 9 orange
0 -150 -300 2 blue
0 350 -100 3 purple
0 100 50 9 orange
0 -300 -200 1 cyan
0 -200 150 4 green
0 -150 450 4 green
0 -200 400 4 green
0 -100 -250 2 blue
0 200 300 8 yellow
0 -450 -300 1 cyan
0 50 -250 3 purple
0 150 -300 3 purple
0 -300 -250 2 blue
0 -50 500 4 green
0 -350 150 4 green
0 -300 -50 1 cyan
0 450 50 6 red
0 -300 -350 2 blue
0 250 300 8 yellow
0 -350 -50 1 cyan
0 -200 -400 2 blue
0 100 500 8 yellow
0 400 50 6 red
0 250 0 6 red
0 50 -300 3 purple
0 500 150 6 red
0 350 400 9 orange
0 -250 -150 2 blue
0 150 -100 3 purple
0 -400 -150 1 cyan
0 -150 -100 2 blue
0 -50 -500 3 purple
0 -150 -350 2 blue
0 -450 -100 1 cyan
0 -150 -500 2 blue
0 200 250 8 yellow
0 -400 0 1 cyan
0 50 -500 3 purple
0 350 150 9 orange
0 100 -450 6 red
0 100 0 6 red
0 0 -100 3 purple
0 -350 -300 1 cyan
0 -250 350 4 green
0 -200 -250 2 blue
0 200 200 8 yellow
0 100 -350 3 purple
0 -350 500 4 green
0 150 -450 3 purple
0 50 -400 3 purple
0 250 350 8 yellow
0 -250 -500 2 blue
0 200 -100 6 red
0 -100 -100 2 blue
0 -150 100 4 green
0 250 -300 3 purple
0 400 200 9 orange
0 -450 150 4 green
0 50 200 8 yellow
0 -200 -350 2 blue
0 200 -450 3 purple
0 150 350 8 yellow
0 100 400 8 yellow
0 500 300 9 orange
0 50 -450 3 purple
0 -150 0 2 blue
0 400 350 9 orange
0 -200 0 1 cyan
0 350 -450 3 purple
0 -400 -450 2 blue
0 0 100 4 green
0 -200 50 4 green
0 150 -150 3 purple
0 -300 -150 1 cyan
0 200 -350 3 purple
0 450 -250 3 purple
0 350 -400 3 purple
0 -50 -400 3 purple
0 500 350 9 orange
0 -450 350 4 green
0 -350 300 4 green
0 450 300 9 orange
0 0 450 4 green
0 200 -200 3 purple
0 150 100 9 orange
0 150 400 8 yellow
0 -200 250 4 green
0 50 0 9 orange
0 450 100 6 red
0 200 50 9 orange
0 -450 -250 1 cyan
0 200 0 9 orange
0 450 -50 6 red
0 100 200 8 yellow
0 -300 400 4 green
0 200 -250 3 purple
0 200 -250 3 purple
